<?xml version="1.0" encoding="UTF-8"?>
<!-- Generated by org.testng.reporters.JUnitXMLReporter -->
<testsuite ignored="2" hostname="floranows-MacBook-Pro.local" failures="0" tests="8" name="RegressionTest" time="379.092" errors="0" timestamp="2023-09-20T17:26:29 EET">
  <testcase classname="TCAssignmentScenarios.PagesScenarios.SignUpTests" name="signUpWithInvalidUser" time="31.98"/>
  <testcase classname="TCAssignmentScenarios.PagesScenarios.SignUpTests" name="signUpWithNonExistedUser" time="32.134"/>
  <testcase classname="TCAssignmentScenarios.PagesScenarios.PlaceOrdersTests" name="placeOrderWithClassicPlanOnKuwaitLocal" time="109.483"/>
  <testcase classname="TCAssignmentScenarios.PagesScenarios.StcLandingPageTest" name="verifyCurrencyAndLocalsBeingUpdated" time="110.919"/>
  <testcase classname="TCAssignmentScenarios.PagesScenarios.PlaceOrdersTests" name="placeOrderWithLitePlanOnSaudiLocal" time="0.99"/>
  <testcase classname="TCAssignmentScenarios.PagesScenarios.PlaceOrdersTests" name="placeOrderWithPremiumPlanOnBahrainLocal" time="32.344"/>
  <testcase classname="TCAssignmentScenarios.PagesScenarios.StcLandingPageTest" name="verifyGiftCardSectionIsOnlyInSaudi" time="100.774"/>
  <testcase classname="TCAssignmentScenarios.PagesScenarios.StcLandingPageTest" name="verifyPricesOfPlansOnAllLocals" time="63.069"/>
  <testcase classname="TCAssignmentScenarios.TestHelpers.BaseTest" name="@BeforeSuite cleanUp" time="0.0">
    <ignored/>
  </testcase> <!-- @BeforeSuite cleanUp -->
  <testcase classname="TCAssignmentScenarios.TestHelpers.BaseTest" name="@BeforeSuite cleanUp" time="0.0">
    <ignored/>
  </testcase> <!-- @BeforeSuite cleanUp -->
</testsuite> <!-- RegressionTest -->
