<?xml version="1.0" encoding="UTF-8"?>
<!-- Generated by org.testng.reporters.JUnitXMLReporter -->
<testsuite ignored="5" hostname="floranows-MacBook-Pro.local" failures="0" tests="3" name="Smoke Test" time="112.702" errors="0" timestamp="2023-09-20T15:42:57 EET">
  <testcase classname="TCAssignmentScenarios.PagesScenarios.SignUpTests" name="signUpWithInvalidUser" time="31.125"/>
  <testcase classname="TCAssignmentScenarios.PagesScenarios.StcLandingPageTest" name="verifyPricesOfPlansOnAllLocals" time="66.457"/>
  <testcase classname="TCAssignmentScenarios.PagesScenarios.PlaceOrdersTests" name="placeOrderWithClassicPlanOnKuwaitLocal" time="31.963"/>
  <testcase classname="TCAssignmentScenarios.PagesScenarios.PlaceOrdersTests" name="placeOrderWithPremiumPlanOnBahrainLocal" time="0.0">
    <ignored/>
  </testcase> <!-- placeOrderWithPremiumPlanOnBahrainLocal -->
  <testcase classname="TCAssignmentScenarios.PagesScenarios.PlaceOrdersTests" name="placeOrderWithLitePlanOnSaudiLocal" time="0.0">
    <ignored/>
  </testcase> <!-- placeOrderWithLitePlanOnSaudiLocal -->
  <testcase classname="TCAssignmentScenarios.PagesScenarios.StcLandingPageTest" name="verifyGiftCardSectionIsOnlyInSaudi" time="0.0">
    <ignored/>
  </testcase> <!-- verifyGiftCardSectionIsOnlyInSaudi -->
  <testcase classname="TCAssignmentScenarios.PagesScenarios.StcLandingPageTest" name="verifyCurrencyAndLocalsBeingUpdated" time="0.0">
    <ignored/>
  </testcase> <!-- verifyCurrencyAndLocalsBeingUpdated -->
  <testcase classname="TCAssignmentScenarios.PagesScenarios.SignUpTests" name="signUpWithNonExistedUser" time="0.0">
    <ignored/>
  </testcase> <!-- signUpWithNonExistedUser -->
</testsuite> <!-- Smoke Test -->
