<?xml version="1.0" encoding="UTF-8"?>
<testsuite xmlns:xsi="http://www.w3.org/2001/XMLSchema-instance" xsi:noNamespaceSchemaLocation="https://maven.apache.org/surefire/maven-surefire-plugin/xsd/surefire-test-report-3.0.xsd" version="3.0" name="TestSuite" time="384.955" tests="8" errors="0" skipped="0" failures="0">
  <properties>
[...]
</properties>
  <testcase name="signUpWithInvalidUser" classname="TCAssignmentScenarios.PagesScenarios.SignUpTests" time="31.989">
    <system-out><![CDATA[Reports directory and its contents deleted successfully.
]]></system-out>
    <system-err><![CDATA[792 [TestNG-test=RegressionTest-1] INFO io.github.bonigarcia.wdm.WebDriverManager - Using chromedriver 116.0.5845.96 (resolved driver for Chrome 116)
791 [TestNG-test=RegressionTest-3] INFO io.github.bonigarcia.wdm.WebDriverManager - Using chromedriver 116.0.5845.96 (resolved driver for Chrome 116)
791 [TestNG-test=RegressionTest-2] INFO io.github.bonigarcia.wdm.WebDriverManager - Using chromedriver 116.0.5845.96 (resolved driver for Chrome 116)
840 [TestNG-test=RegressionTest-1] INFO io.github.bonigarcia.wdm.WebDriverManager - Exporting webdriver.chrome.driver as /Users/mohammad/.cache/selenium/chromedriver/mac64/116.0.5845.96/chromedriver
840 [TestNG-test=RegressionTest-3] INFO io.github.bonigarcia.wdm.WebDriverManager - Exporting webdriver.chrome.driver as /Users/mohammad/.cache/selenium/chromedriver/mac64/116.0.5845.96/chromedriver
840 [TestNG-test=RegressionTest-2] INFO io.github.bonigarcia.wdm.WebDriverManager - Exporting webdriver.chrome.driver as /Users/mohammad/.cache/selenium/chromedriver/mac64/116.0.5845.96/chromedriver
]]></system-err>
  </testcase>
  <testcase name="signUpWithNonExistedUser" classname="TCAssignmentScenarios.PagesScenarios.SignUpTests" time="32.134">
    <system-err><![CDATA[69617 [AsyncHttpClient-1-9] WARN org.asynchttpclient.netty.handler.WebSocketHandler - onError
java.net.SocketException: Connection reset
	at java.base/sun.nio.ch.SocketChannelImpl.throwConnectionReset(SocketChannelImpl.java:401)
	at java.base/sun.nio.ch.SocketChannelImpl.read(SocketChannelImpl.java:434)
	at io.netty.buffer.PooledByteBuf.setBytes(PooledByteBuf.java:254)
	at io.netty.buffer.AbstractByteBuf.writeBytes(AbstractByteBuf.java:1132)
	at io.netty.channel.socket.nio.NioSocketChannel.doReadBytes(NioSocketChannel.java:357)
	at io.netty.channel.nio.AbstractNioByteChannel$NioByteUnsafe.read(AbstractNioByteChannel.java:151)
	at io.netty.channel.nio.NioEventLoop.processSelectedKey(NioEventLoop.java:788)
	at io.netty.channel.nio.NioEventLoop.processSelectedKeysOptimized(NioEventLoop.java:724)
	at io.netty.channel.nio.NioEventLoop.processSelectedKeys(NioEventLoop.java:650)
	at io.netty.channel.nio.NioEventLoop.run(NioEventLoop.java:562)
	at io.netty.util.concurrent.SingleThreadEventExecutor$4.run(SingleThreadEventExecutor.java:997)
	at io.netty.util.internal.ThreadExecutorMap$2.run(ThreadExecutorMap.java:74)
	at io.netty.util.concurrent.FastThreadLocalRunnable.run(FastThreadLocalRunnable.java:30)
	at java.base/java.lang.Thread.run(Thread.java:1623)
Sep 20, 2023 5:21:14 PM org.openqa.selenium.remote.http.WebSocket$Listener onError
WARNING: Connection reset
java.net.SocketException: Connection reset
	at java.base/sun.nio.ch.SocketChannelImpl.throwConnectionReset(SocketChannelImpl.java:401)
	at java.base/sun.nio.ch.SocketChannelImpl.read(SocketChannelImpl.java:434)
	at io.netty.buffer.PooledByteBuf.setBytes(PooledByteBuf.java:254)
	at io.netty.buffer.AbstractByteBuf.writeBytes(AbstractByteBuf.java:1132)
	at io.netty.channel.socket.nio.NioSocketChannel.doReadBytes(NioSocketChannel.java:357)
	at io.netty.channel.nio.AbstractNioByteChannel$NioByteUnsafe.read(AbstractNioByteChannel.java:151)
	at io.netty.channel.nio.NioEventLoop.processSelectedKey(NioEventLoop.java:788)
	at io.netty.channel.nio.NioEventLoop.processSelectedKeysOptimized(NioEventLoop.java:724)
	at io.netty.channel.nio.NioEventLoop.processSelectedKeys(NioEventLoop.java:650)
	at io.netty.channel.nio.NioEventLoop.run(NioEventLoop.java:562)
	at io.netty.util.concurrent.SingleThreadEventExecutor$4.run(SingleThreadEventExecutor.java:997)
	at io.netty.util.internal.ThreadExecutorMap$2.run(ThreadExecutorMap.java:74)
	at io.netty.util.concurrent.FastThreadLocalRunnable.run(FastThreadLocalRunnable.java:30)
	at java.base/java.lang.Thread.run(Thread.java:1623)

69794 [TestNG-test=RegressionTest-2] INFO io.github.bonigarcia.wdm.WebDriverManager - Using chromedriver 116.0.5845.96 (resolved driver for Chrome 116)
69825 [TestNG-test=RegressionTest-2] INFO io.github.bonigarcia.wdm.WebDriverManager - Exporting webdriver.chrome.driver as /Users/mohammad/.cache/selenium/chromedriver/mac64/116.0.5845.96/chromedriver
]]></system-err>
  </testcase>
  <testcase name="placeOrderWithClassicPlanOnKuwaitLocal" classname="TCAssignmentScenarios.PagesScenarios.PlaceOrdersTests" time="42.931"/>
  <testcase name="placeOrderWithLitePlanOnSaudiLocal" classname="TCAssignmentScenarios.PagesScenarios.PlaceOrdersTests" time="0.991">
    <system-err><![CDATA[148703 [TestNG-test=RegressionTest-1] INFO io.github.bonigarcia.wdm.WebDriverManager - Using chromedriver 116.0.5845.96 (resolved driver for Chrome 116)
148725 [TestNG-test=RegressionTest-1] INFO io.github.bonigarcia.wdm.WebDriverManager - Exporting webdriver.chrome.driver as /Users/mohammad/.cache/selenium/chromedriver/mac64/116.0.5845.96/chromedriver
]]></system-err>
  </testcase>
  <testcase name="placeOrderWithPremiumPlanOnBahrainLocal" classname="TCAssignmentScenarios.PagesScenarios.PlaceOrdersTests" time="32.343">
    <system-err><![CDATA[182102 [TestNG-test=RegressionTest-3] INFO io.github.bonigarcia.wdm.WebDriverManager - Using chromedriver 116.0.5845.96 (resolved driver for Chrome 116)
182135 [TestNG-test=RegressionTest-3] INFO io.github.bonigarcia.wdm.WebDriverManager - Exporting webdriver.chrome.driver as /Users/mohammad/.cache/selenium/chromedriver/mac64/116.0.5845.96/chromedriver
]]></system-err>
  </testcase>
  <testcase name="verifyCurrencyAndLocalsBeingUpdated" classname="TCAssignmentScenarios.PagesScenarios.StcLandingPageTest" time="44.685">
    <system-err><![CDATA[146753 [TestNG-test=RegressionTest-3] INFO io.github.bonigarcia.wdm.WebDriverManager - Using chromedriver 116.0.5845.96 (resolved driver for Chrome 116)
146790 [TestNG-test=RegressionTest-3] INFO io.github.bonigarcia.wdm.WebDriverManager - Exporting webdriver.chrome.driver as /Users/mohammad/.cache/selenium/chromedriver/mac64/116.0.5845.96/chromedriver
]]></system-err>
  </testcase>
  <testcase name="verifyGiftCardSectionIsOnlyInSaudi" classname="TCAssignmentScenarios.PagesScenarios.StcLandingPageTest" time="66.717"/>
  <testcase name="verifyPricesOfPlansOnAllLocals" classname="TCAssignmentScenarios.PagesScenarios.StcLandingPageTest" time="63.068">
    <system-err><![CDATA[283137 [TestNG-test=RegressionTest-1] INFO io.github.bonigarcia.wdm.WebDriverManager - Using chromedriver 116.0.5845.96 (resolved driver for Chrome 116)
283158 [TestNG-test=RegressionTest-1] INFO io.github.bonigarcia.wdm.WebDriverManager - Exporting webdriver.chrome.driver as /Users/mohammad/.cache/selenium/chromedriver/mac64/116.0.5845.96/chromedriver
]]></system-err>
  </testcase>
</testsuite>