<?xml version="1.0" encoding="UTF-8"?>
<testng-results ignored="2" total="10" passed="8" failed="0" skipped="0">
  <reporter-output>
  </reporter-output>
  <suite started-at="2023-09-20T17:20:05 EET" name="Regression" finished-at="2023-09-20T17:26:24 EET" duration-ms="379092">
    <groups>
      <group name="Smoke">
        <method signature="PlaceOrdersTests.placeOrderWithClassicPlanOnKuwaitLocal()[pri:0, instance:TCAssignmentScenarios.PagesScenarios.PlaceOrdersTests@5824a83d]" name="placeOrderWithClassicPlanOnKuwaitLocal" class="TCAssignmentScenarios.PagesScenarios.PlaceOrdersTests"/>
        <method signature="SignUpTests.signUpWithInvalidUser()[pri:0, instance:TCAssignmentScenarios.PagesScenarios.SignUpTests@7b36aa0c]" name="signUpWithInvalidUser" class="TCAssignmentScenarios.PagesScenarios.SignUpTests"/>
        <method signature="StcLandingPageTest.verifyPricesOfPlansOnAllLocals()[pri:0, instance:TCAssignmentScenarios.PagesScenarios.StcLandingPageTest@a38c7fe]" name="verifyPricesOfPlansOnAllLocals" class="TCAssignmentScenarios.PagesScenarios.StcLandingPageTest"/>
      </group> <!-- Smoke -->
    </groups>
    <test started-at="2023-09-20T17:20:05 EET" name="RegressionTest" finished-at="2023-09-20T17:26:24 EET" duration-ms="379092">
      <class name="TCAssignmentScenarios.PagesScenarios.PlaceOrdersTests">
        <test-method is-config="true" signature="setUp()[pri:0, instance:TCAssignmentScenarios.PagesScenarios.PlaceOrdersTests@5824a83d]" started-at="2023-09-20T17:20:05 EET" name="setUp" finished-at="2023-09-20T17:20:41 EET" duration-ms="36632" status="PASS">
          <reporter-output>
          </reporter-output>
        </test-method> <!-- setUp -->
        <test-method signature="placeOrderWithClassicPlanOnKuwaitLocal()[pri:0, instance:TCAssignmentScenarios.PagesScenarios.PlaceOrdersTests@5824a83d]" started-at="2023-09-20T17:20:41 EET" name="placeOrderWithClassicPlanOnKuwaitLocal" finished-at="2023-09-20T17:22:31 EET" duration-ms="109483" status="PASS">
          <reporter-output>
          </reporter-output>
        </test-method> <!-- placeOrderWithClassicPlanOnKuwaitLocal -->
        <test-method is-config="true" signature="tearDown()[pri:0, instance:TCAssignmentScenarios.PagesScenarios.PlaceOrdersTests@5824a83d]" started-at="2023-09-20T17:22:31 EET" name="tearDown" finished-at="2023-09-20T17:22:31 EET" duration-ms="160" status="PASS">
          <reporter-output>
          </reporter-output>
        </test-method> <!-- tearDown -->
        <test-method is-config="true" signature="setUp()[pri:0, instance:TCAssignmentScenarios.PagesScenarios.PlaceOrdersTests@5824a83d]" started-at="2023-09-20T17:22:31 EET" name="setUp" finished-at="2023-09-20T17:23:05 EET" duration-ms="34202" status="PASS">
          <reporter-output>
          </reporter-output>
        </test-method> <!-- setUp -->
        <test-method signature="placeOrderWithLitePlanOnSaudiLocal()[pri:0, instance:TCAssignmentScenarios.PagesScenarios.PlaceOrdersTests@5824a83d]" started-at="2023-09-20T17:23:05 EET" name="placeOrderWithLitePlanOnSaudiLocal" finished-at="2023-09-20T17:23:06 EET" duration-ms="990" status="PASS">
          <reporter-output>
          </reporter-output>
        </test-method> <!-- placeOrderWithLitePlanOnSaudiLocal -->
        <test-method is-config="true" signature="tearDown()[pri:0, instance:TCAssignmentScenarios.PagesScenarios.PlaceOrdersTests@5824a83d]" started-at="2023-09-20T17:23:06 EET" name="tearDown" finished-at="2023-09-20T17:23:06 EET" duration-ms="154" status="PASS">
          <reporter-output>
          </reporter-output>
        </test-method> <!-- tearDown -->
        <test-method is-config="true" signature="setUp()[pri:0, instance:TCAssignmentScenarios.PagesScenarios.PlaceOrdersTests@5824a83d]" started-at="2023-09-20T17:23:06 EET" name="setUp" finished-at="2023-09-20T17:23:41 EET" duration-ms="34097" status="PASS">
          <reporter-output>
          </reporter-output>
        </test-method> <!-- setUp -->
        <test-method signature="placeOrderWithPremiumPlanOnBahrainLocal()[pri:0, instance:TCAssignmentScenarios.PagesScenarios.PlaceOrdersTests@5824a83d]" started-at="2023-09-20T17:23:41 EET" name="placeOrderWithPremiumPlanOnBahrainLocal" finished-at="2023-09-20T17:24:13 EET" duration-ms="32344" status="PASS">
          <reporter-output>
          </reporter-output>
        </test-method> <!-- placeOrderWithPremiumPlanOnBahrainLocal -->
        <test-method is-config="true" signature="tearDown()[pri:0, instance:TCAssignmentScenarios.PagesScenarios.PlaceOrdersTests@5824a83d]" started-at="2023-09-20T17:24:13 EET" name="tearDown" finished-at="2023-09-20T17:24:13 EET" duration-ms="160" status="PASS">
          <reporter-output>
          </reporter-output>
        </test-method> <!-- tearDown -->
      </class> <!-- TCAssignmentScenarios.PagesScenarios.PlaceOrdersTests -->
      <class name="TCAssignmentScenarios.PagesScenarios.SignUpTests">
        <test-method is-config="true" signature="setUp()[pri:0, instance:TCAssignmentScenarios.PagesScenarios.SignUpTests@7b36aa0c]" started-at="2023-09-20T17:20:05 EET" name="setUp" finished-at="2023-09-20T17:20:42 EET" duration-ms="37126" status="PASS">
          <reporter-output>
          </reporter-output>
        </test-method> <!-- setUp -->
        <test-method signature="signUpWithInvalidUser()[pri:0, instance:TCAssignmentScenarios.PagesScenarios.SignUpTests@7b36aa0c]" started-at="2023-09-20T17:20:42 EET" name="signUpWithInvalidUser" finished-at="2023-09-20T17:21:14 EET" duration-ms="31980" status="PASS">
          <reporter-output>
          </reporter-output>
        </test-method> <!-- signUpWithInvalidUser -->
        <test-method is-config="true" signature="tearDown()[pri:0, instance:TCAssignmentScenarios.PagesScenarios.SignUpTests@7b36aa0c]" started-at="2023-09-20T17:21:14 EET" name="tearDown" finished-at="2023-09-20T17:21:14 EET" duration-ms="165" status="PASS">
          <reporter-output>
          </reporter-output>
        </test-method> <!-- tearDown -->
        <test-method is-config="true" signature="setUp()[pri:0, instance:TCAssignmentScenarios.PagesScenarios.SignUpTests@7b36aa0c]" started-at="2023-09-20T17:21:14 EET" name="setUp" finished-at="2023-09-20T17:21:48 EET" duration-ms="33875" status="PASS">
          <reporter-output>
          </reporter-output>
        </test-method> <!-- setUp -->
        <test-method signature="signUpWithNonExistedUser()[pri:0, instance:TCAssignmentScenarios.PagesScenarios.SignUpTests@7b36aa0c]" started-at="2023-09-20T17:21:48 EET" name="signUpWithNonExistedUser" finished-at="2023-09-20T17:22:20 EET" duration-ms="32134" status="PASS">
          <reporter-output>
          </reporter-output>
        </test-method> <!-- signUpWithNonExistedUser -->
        <test-method is-config="true" signature="tearDown()[pri:0, instance:TCAssignmentScenarios.PagesScenarios.SignUpTests@7b36aa0c]" started-at="2023-09-20T17:22:20 EET" name="tearDown" finished-at="2023-09-20T17:22:20 EET" duration-ms="159" status="PASS">
          <reporter-output>
          </reporter-output>
        </test-method> <!-- tearDown -->
      </class> <!-- TCAssignmentScenarios.PagesScenarios.SignUpTests -->
      <class name="TCAssignmentScenarios.PagesScenarios.StcLandingPageTest">
        <test-method is-config="true" signature="cleanUp()[pri:0, instance:TCAssignmentScenarios.PagesScenarios.StcLandingPageTest@a38c7fe]" started-at="2023-09-20T17:20:05 EET" name="cleanUp" finished-at="2023-09-20T17:20:05 EET" duration-ms="9" status="PASS">
          <reporter-output>
          </reporter-output>
        </test-method> <!-- cleanUp -->
        <test-method is-config="true" signature="setUp()[pri:0, instance:TCAssignmentScenarios.PagesScenarios.StcLandingPageTest@a38c7fe]" started-at="2023-09-20T17:20:05 EET" name="setUp" finished-at="2023-09-20T17:20:42 EET" duration-ms="36951" status="PASS">
          <reporter-output>
          </reporter-output>
        </test-method> <!-- setUp -->
        <test-method signature="verifyCurrencyAndLocalsBeingUpdated()[pri:0, instance:TCAssignmentScenarios.PagesScenarios.StcLandingPageTest@a38c7fe]" started-at="2023-09-20T17:20:42 EET" name="verifyCurrencyAndLocalsBeingUpdated" finished-at="2023-09-20T17:22:33 EET" duration-ms="110919" status="PASS">
          <reporter-output>
          </reporter-output>
        </test-method> <!-- verifyCurrencyAndLocalsBeingUpdated -->
        <test-method is-config="true" signature="tearDown()[pri:0, instance:TCAssignmentScenarios.PagesScenarios.StcLandingPageTest@a38c7fe]" started-at="2023-09-20T17:22:33 EET" name="tearDown" finished-at="2023-09-20T17:22:33 EET" duration-ms="362" status="PASS">
          <reporter-output>
          </reporter-output>
        </test-method> <!-- tearDown -->
        <test-method is-config="true" signature="setUp()[pri:0, instance:TCAssignmentScenarios.PagesScenarios.StcLandingPageTest@a38c7fe]" started-at="2023-09-20T17:22:33 EET" name="setUp" finished-at="2023-09-20T17:23:06 EET" duration-ms="33435" status="PASS">
          <reporter-output>
          </reporter-output>
        </test-method> <!-- setUp -->
        <test-method signature="verifyGiftCardSectionIsOnlyInSaudi()[pri:0, instance:TCAssignmentScenarios.PagesScenarios.StcLandingPageTest@a38c7fe]" started-at="2023-09-20T17:23:06 EET" name="verifyGiftCardSectionIsOnlyInSaudi" finished-at="2023-09-20T17:24:47 EET" duration-ms="100774" status="PASS">
          <reporter-output>
          </reporter-output>
        </test-method> <!-- verifyGiftCardSectionIsOnlyInSaudi -->
        <test-method is-config="true" signature="tearDown()[pri:0, instance:TCAssignmentScenarios.PagesScenarios.StcLandingPageTest@a38c7fe]" started-at="2023-09-20T17:24:47 EET" name="tearDown" finished-at="2023-09-20T17:24:47 EET" duration-ms="220" status="PASS">
          <reporter-output>
          </reporter-output>
        </test-method> <!-- tearDown -->
        <test-method is-config="true" signature="setUp()[pri:0, instance:TCAssignmentScenarios.PagesScenarios.StcLandingPageTest@a38c7fe]" started-at="2023-09-20T17:24:47 EET" name="setUp" finished-at="2023-09-20T17:25:21 EET" duration-ms="33176" status="PASS">
          <reporter-output>
          </reporter-output>
        </test-method> <!-- setUp -->
        <test-method signature="verifyPricesOfPlansOnAllLocals()[pri:0, instance:TCAssignmentScenarios.PagesScenarios.StcLandingPageTest@a38c7fe]" started-at="2023-09-20T17:25:21 EET" name="verifyPricesOfPlansOnAllLocals" finished-at="2023-09-20T17:26:24 EET" duration-ms="63069" status="PASS">
          <reporter-output>
          </reporter-output>
        </test-method> <!-- verifyPricesOfPlansOnAllLocals -->
        <test-method is-config="true" signature="tearDown()[pri:0, instance:TCAssignmentScenarios.PagesScenarios.StcLandingPageTest@a38c7fe]" started-at="2023-09-20T17:26:24 EET" name="tearDown" finished-at="2023-09-20T17:26:24 EET" duration-ms="165" status="PASS">
          <reporter-output>
          </reporter-output>
        </test-method> <!-- tearDown -->
      </class> <!-- TCAssignmentScenarios.PagesScenarios.StcLandingPageTest -->
    </test> <!-- RegressionTest -->
  </suite> <!-- Regression -->
</testng-results>
