<?xml version="1.0" encoding="UTF-8"?>
<!-- Generated by org.testng.reporters.JUnitXMLReporter -->
<testsuite ignored="2" hostname="floranows-MacBook-Pro.local" failures="0" tests="8" name="RegressionTest" time="227.671" errors="0" timestamp="2023-09-20T13:03:42 EET">
  <testcase classname="TCAssignmentScenarios.PagesScenarios.SignUpTests" name="signUpWithInvalidUser" time="33.723"/>
  <testcase classname="TCAssignmentScenarios.PagesScenarios.PlaceOrdersTests" name="placeOrderWithClassicPlanOnKuwaitLocal" time="34.136"/>
  <testcase classname="TCAssignmentScenarios.PagesScenarios.StcLandingPageTest" name="verifyCurrencyAndLocalsBeingUpdated" time="63.974"/>
  <testcase classname="TCAssignmentScenarios.PagesScenarios.PlaceOrdersTests" name="placeOrderWithLitePlanOnSaudiLocal" time="1.659"/>
  <testcase classname="TCAssignmentScenarios.PagesScenarios.SignUpTests" name="signUpWithNonExistedUser" time="32.886"/>
  <testcase classname="TCAssignmentScenarios.PagesScenarios.StcLandingPageTest" name="verifyGiftCardSectionIsOnlyInSaudi" time="5.865"/>
  <testcase classname="TCAssignmentScenarios.PagesScenarios.PlaceOrdersTests" name="placeOrderWithPremiumPlanOnBahrainLocal" time="33.291"/>
  <testcase classname="TCAssignmentScenarios.PagesScenarios.StcLandingPageTest" name="verifyPricesOfPlansOnAllLocals" time="57.431"/>
  <testcase classname="TCAssignmentScenarios.TestHelpers.BaseTest" name="@BeforeSuite cleanUp" time="0.0">
    <ignored/>
  </testcase> <!-- @BeforeSuite cleanUp -->
  <testcase classname="TCAssignmentScenarios.TestHelpers.BaseTest" name="@BeforeSuite cleanUp" time="0.0">
    <ignored/>
  </testcase> <!-- @BeforeSuite cleanUp -->
</testsuite> <!-- RegressionTest -->
